
ROM used: 494 (6%)
          494 (6%) including unused fragments

          0 Average locations per line
          1 Average locations per statement

RAM used: 83 (23%) at main() level
          96 (26%) worst case

Stack used: 5 worst case (out of 8 total available)

Lines Stmts  %   Files
----- ----- ---  -----
   60    25   7  Untitled.c
  411     0   0  C:\Program Files (x86)\PICC\devices\16f887.h
  212     0   0  C:\Program Files (x86)\PICC\drivers\luutinh.h
  249    88  25  C:\Program Files (x86)\PICC\drivers\LCD.h
 2104   238  68  C:\Program Files (x86)\PICC\drivers\math.h
----- -----
 3036   351 Total

Page ROM  %  RAM   Vol Diff  Functions:
---- --- --- ---   --- ----  ----------
0     21   4   1             @delay_ms2
0      8   2   0             @const373
0     49  10   2   594  4.3  lcd_init
 Inline        3   620  3.8  lcd_read_byte
0     37   7   2   204  3.2  lcd_read_nibble
0     64  13   3   313  3.4  lcd_send_byte
0     25   5   1   336  1.9  lcd_send_nibble
0     35   7   4   335  5.5  lcd_gotoxy
0     37   7   1   272  4.1  lcd_putc
0     73  15   3   562  6.1  Button1
0    141  29   1   161  2.6  MAIN

Program metrics:
    Functions               9
    Statements              351
    Comments                492
    Volume (V)              5321
    Difficilty (D)          34.8
    Effort to implement (E) 185141
    Time to implement (T)   2 hours, 51 minutes
    Est Delivered Bugs (B)  1
    Cyclomatic Complexity   13
    Maintainability (MI)    33

 Segment     Used  Free
-----------  ----  ----
00000-00003     4  0  
00004-007FF   490  1554  
00800-00FFF     0  2048  
01000-017FF     0  2048  
01800-01FFF     0  2048  



